[2026-06-01 19:43:11] [INFO] [root] - SPEMS System Logging successfully initialized.
[2026-06-01 19:43:11] [INFO] [root] - SPEMS System Logging successfully initialized.
[2026-06-01 19:44:13] [INFO] [root] - SPEMS System Logging successfully initialized.
[2026-06-01 19:44:13] [INFO] [root] - SPEMS System Logging successfully initialized.
[2026-06-01 19:44:30] [INFO] [root] - SPEMS System Logging successfully initialized.
[2026-06-01 19:44:30] [INFO] [root] - SPEMS System Logging successfully initialized.
[2026-06-01 19:45:03] [INFO] [root] - SPEMS System Logging successfully initialized.
[2026-06-01 19:45:03] [INFO] [root] - SPEMS System Logging successfully initialized.
[2026-06-01 19:45:44] [ERROR] [spems.db] - Database session exception: 400: Vehicle plate number already registered.
[2026-06-01 19:45:46] [ERROR] [spems.db] - Database session exception: 400: Duplicate evidence detected. This environmental infraction has already been logged.
[2026-06-01 19:45:48] [ERROR] [spems.db] - Database session exception: 400: Duplicate evidence detected. This environmental infraction has already been logged.
[2026-06-01 19:45:50] [ERROR] [spems.db] - Database session exception: 400: Duplicate evidence detected. This environmental infraction has already been logged.
[2026-06-01 19:47:32] [ERROR] [spems.db] - Database session exception: 400: Vehicle plate number already registered.
[2026-06-01 19:47:34] [ERROR] [spems.db] - Database session exception: 400: Duplicate evidence detected. This environmental infraction has already been logged.
[2026-06-01 19:47:36] [ERROR] [spems.db] - Database session exception: 400: Duplicate evidence detected. This environmental infraction has already been logged.
[2026-06-01 19:47:38] [ERROR] [spems.db] - Database session exception: 400: Duplicate evidence detected. This environmental infraction has already been logged.
[2026-06-01 19:48:03] [ERROR] [spems.db] - Database session exception: 400: Vehicle plate number already registered.
[2026-06-01 19:48:21] [ERROR] [spems.db] - Database session exception: 400: Duplicate evidence detected. This environmental infraction has already been logged.
[2026-06-01 19:49:38] [ERROR] [spems.db] - Database session exception: 400: Camera ID already registered.
[2026-06-01 19:49:42] [ERROR] [spems.db] - Database session exception: 400: Duplicate evidence detected. This environmental infraction has already been logged.
[2026-06-01 19:50:00] [ERROR] [spems.db] - Database session exception: 400: Camera ID already registered.
[2026-06-01 19:50:02] [ERROR] [spems.db] - Database session exception: 400: Vehicle plate number already registered.
[2026-06-01 21:50:15] [INFO] [root] - SPEMS System Logging successfully initialized.
[2026-06-01 21:50:15] [INFO] [root] - SPEMS System Logging successfully initialized.
[2026-06-01 21:50:27] [ERROR] [spems.db] - Database session exception: 400: Vehicle plate number already registered.
[2026-06-01 21:50:38] [ERROR] [spems.db] - Database session exception: 400: Camera ID already registered.
[2026-06-01 21:50:40] [ERROR] [spems.db] - Database session exception: 400: Vehicle plate number already registered.
[2026-06-01 21:52:42] [ERROR] [spems.db] - Database session exception: 400: Camera ID already registered.
[2026-06-01 21:52:44] [ERROR] [spems.db] - Database session exception: 400: Vehicle plate number already registered.
[2026-06-01 21:54:00] [ERROR] [spems.db] - Database session exception: (sqlite3.IntegrityError) NOT NULL constraint failed: vehicle_logs.id
[SQL: INSERT INTO vehicle_logs (plate_number, camera_id, location_id, log_type, timestamp, raw_confidence, created_at) VALUES (?, ?, ?, ?, ?, ?, ?)]
[parameters: ('UK07TA2572', 'CAM-GK-STRESS-002', 1, 'ENTRY', '2026-06-01 16:23:57.894768', 0.94, '2026-06-01 16:24:00.063715')]
(Background on this error at: https://sqlalche.me/e/20/gkpj)
[2026-06-01 21:54:01] [ERROR] [spems.db] - Database session exception: (sqlite3.IntegrityError) NOT NULL constraint failed: vehicle_logs.id
[SQL: INSERT INTO vehicle_logs (plate_number, camera_id, location_id, log_type, timestamp, raw_confidence, created_at) VALUES (?, ?, ?, ?, ?, ?, ?)]
[parameters: ('UK07TA1385', 'CAM-GK-STRESS-006', 1, 'ENTRY', '2026-06-01 16:23:57.896070', 0.93, '2026-06-01 16:24:00.131348')]
(Background on this error at: https://sqlalche.me/e/20/gkpj)
[2026-06-01 21:54:01] [ERROR] [spems.db] - Database session exception: (sqlite3.IntegrityError) NOT NULL constraint failed: vehicle_logs.id
[SQL: INSERT INTO vehicle_logs (plate_number, camera_id, location_id, log_type, timestamp, raw_confidence, created_at) VALUES (?, ?, ?, ?, ?, ?, ?)]
[parameters: ('UK07TA3314', 'CAM-GK-STRESS-004', 1, 'ENTRY', '2026-06-01 16:23:57.894359', 0.91, '2026-06-01 16:24:01.154389')]
(Background on this error at: https://sqlalche.me/e/20/gkpj)
[2026-06-01 21:54:01] [ERROR] [spems.db] - Database session exception: (sqlite3.IntegrityError) NOT NULL constraint failed: vehicle_logs.id
[SQL: INSERT INTO vehicle_logs (plate_number, camera_id, location_id, log_type, timestamp, raw_confidence, created_at) VALUES (?, ?, ?, ?, ?, ?, ?)]
[parameters: ('UK07TA3637', 'CAM-GK-STRESS-035', 1, 'ENTRY', '2026-06-01 16:23:57.969327', 0.96, '2026-06-01 16:24:01.204852')]
(Background on this error at: https://sqlalche.me/e/20/gkpj)
[2026-06-01 21:54:01] [ERROR] [spems.db] - Database session exception: (sqlite3.IntegrityError) NOT NULL constraint failed: vehicle_logs.id
[SQL: INSERT INTO vehicle_logs (plate_number, camera_id, location_id, log_type, timestamp, raw_confidence, created_at) VALUES (?, ?, ?, ?, ?, ?, ?)]
[parameters: ('UK07TA6005', 'CAM-GK-STRESS-044', 1, 'ENTRY', '2026-06-01 16:23:57.983782', 0.75, '2026-06-01 16:24:01.232524')]
(Background on this error at: https://sqlalche.me/e/20/gkpj)
[2026-06-01 21:54:01] [ERROR] [spems.db] - Database session exception: (sqlite3.IntegrityError) NOT NULL constraint failed: vehicle_logs.id
[SQL: INSERT INTO vehicle_logs (plate_number, camera_id, location_id, log_type, timestamp, raw_confidence, created_at) VALUES (?, ?, ?, ?, ?, ?, ?)]
[parameters: ('UK07TA2410', 'CAM-GK-STRESS-018', 1, 'ENTRY', '2026-06-01 16:23:57.934293', 0.92, '2026-06-01 16:24:01.254111')]
(Background on this error at: https://sqlalche.me/e/20/gkpj)
[2026-06-01 21:54:01] [ERROR] [spems.db] - Database session exception: (sqlite3.IntegrityError) NOT NULL constraint failed: vehicle_logs.id
[SQL: INSERT INTO vehicle_logs (plate_number, camera_id, location_id, log_type, timestamp, raw_confidence, created_at) VALUES (?, ?, ?, ?, ?, ?, ?)]
[parameters: ('UK07TA3678', 'CAM-GK-STRESS-021', 1, 'ENTRY', '2026-06-01 16:23:57.947822', 0.75, '2026-06-01 16:24:01.280307')]
(Background on this error at: https://sqlalche.me/e/20/gkpj)
[2026-06-01 21:54:01] [ERROR] [spems.db] - Database session exception: (sqlite3.IntegrityError) NOT NULL constraint failed: vehicle_logs.id
[SQL: INSERT INTO vehicle_logs (plate_number, camera_id, location_id, log_type, timestamp, raw_confidence, created_at) VALUES (?, ?, ?, ?, ?, ?, ?)]
[parameters: ('UK07TA5803', 'CAM-GK-STRESS-022', 1, 'ENTRY', '2026-06-01 16:23:57.949740', 0.8, '2026-06-01 16:24:01.309585')]
(Background on this error at: https://sqlalche.me/e/20/gkpj)
[2026-06-01 21:54:01] [ERROR] [spems.db] - Database session exception: (sqlite3.IntegrityError) NOT NULL constraint failed: vehicle_logs.id
[SQL: INSERT INTO vehicle_logs (plate_number, camera_id, location_id, log_type, timestamp, raw_confidence, created_at) VALUES (?, ?, ?, ?, ?, ?, ?)]
[parameters: ('UK07TA4581', 'CAM-GK-STRESS-019', 1, 'ENTRY', '2026-06-01 16:23:57.941201', 0.98, '2026-06-01 16:24:01.342401')]
(Background on this error at: https://sqlalche.me/e/20/gkpj)
[2026-06-01 21:54:01] [ERROR] [spems.db] - Database session exception: (sqlite3.IntegrityError) NOT NULL constraint failed: vehicle_logs.id
[SQL: INSERT INTO vehicle_logs (plate_number, camera_id, location_id, log_type, timestamp, raw_confidence, created_at) VALUES (?, ?, ?, ?, ?, ?, ?)]
[parameters: ('UK07TA6370', 'CAM-GK-STRESS-013', 1, 'ENTRY', '2026-06-01 16:23:57.903485', 0.98, '2026-06-01 16:24:01.462543')]
(Background on this error at: https://sqlalche.me/e/20/gkpj)
[2026-06-01 21:54:01] [ERROR] [spems.db] - Database session exception: (sqlite3.IntegrityError) NOT NULL constraint failed: vehicle_logs.id
[SQL: INSERT INTO vehicle_logs (plate_number, camera_id, location_id, log_type, timestamp, raw_confidence, created_at) VALUES (?, ?, ?, ?, ?, ?, ?)]
[parameters: ('UK07TA8565', 'CAM-GK-STRESS-031', 1, 'ENTRY', '2026-06-01 16:23:57.964217', 0.96, '2026-06-01 16:24:01.494824')]
(Background on this error at: https://sqlalche.me/e/20/gkpj)
[2026-06-01 21:54:01] [ERROR] [spems.db] - Database session exception: (sqlite3.IntegrityError) NOT NULL constraint failed: vehicle_logs.id
[SQL: INSERT INTO vehicle_logs (plate_number, camera_id, location_id, log_type, timestamp, raw_confidence, created_at) VALUES (?, ?, ?, ?, ?, ?, ?)]
[parameters: ('UK07TA1088', 'CAM-GK-STRESS-032', 1, 'ENTRY', '2026-06-01 16:23:57.965550', 0.83, '2026-06-01 16:24:01.525633')]
(Background on this error at: https://sqlalche.me/e/20/gkpj)
[2026-06-01 21:54:01] [ERROR] [spems.db] - Database session exception: (sqlite3.IntegrityError) NOT NULL constraint failed: vehicle_logs.id
[SQL: INSERT INTO vehicle_logs (plate_number, camera_id, location_id, log_type, timestamp, raw_confidence, created_at) VALUES (?, ?, ?, ?, ?, ?, ?)]
[parameters: ('UK07TA9759', 'CAM-GK-STRESS-020', 1, 'ENTRY', '2026-06-01 16:23:57.942669', 0.92, '2026-06-01 16:24:01.552300')]
(Background on this error at: https://sqlalche.me/e/20/gkpj)
[2026-06-01 21:54:01] [ERROR] [spems.db] - Database session exception: (sqlite3.IntegrityError) NOT NULL constraint failed: vehicle_logs.id
[SQL: INSERT INTO vehicle_logs (plate_number, camera_id, location_id, log_type, timestamp, raw_confidence, created_at) VALUES (?, ?, ?, ?, ?, ?, ?)]
[parameters: ('UK07TA3152', 'CAM-GK-STRESS-017', 1, 'ENTRY', '2026-06-01 16:23:57.931492', 0.85, '2026-06-01 16:24:01.565231')]
(Background on this error at: https://sqlalche.me/e/20/gkpj)
[2026-06-01 21:54:01] [ERROR] [spems.db] - Database session exception: (sqlite3.IntegrityError) NOT NULL constraint failed: vehicle_logs.id
[SQL: INSERT INTO vehicle_logs (plate_number, camera_id, location_id, log_type, timestamp, raw_confidence, created_at) VALUES (?, ?, ?, ?, ?, ?, ?)]
[parameters: ('UK07TA7912', 'CAM-GK-STRESS-024', 1, 'ENTRY', '2026-06-01 16:23:57.953203', 0.8, '2026-06-01 16:24:01.607876')]
(Background on this error at: https://sqlalche.me/e/20/gkpj)
[2026-06-01 21:54:01] [ERROR] [spems.db] - Database session exception: (sqlite3.IntegrityError) NOT NULL constraint failed: vehicle_logs.id
[SQL: INSERT INTO vehicle_logs (plate_number, camera_id, location_id, log_type, timestamp, raw_confidence, created_at) VALUES (?, ?, ?, ?, ?, ?, ?)]
[parameters: ('UK07TA1440', 'CAM-GK-STRESS-028', 1, 'ENTRY', '2026-06-01 16:23:57.958624', 0.78, '2026-06-01 16:24:01.675324')]
(Background on this error at: https://sqlalche.me/e/20/gkpj)
[2026-06-01 21:54:01] [ERROR] [spems.db] - Database session exception: (sqlite3.IntegrityError) NOT NULL constraint failed: vehicle_logs.id
[SQL: INSERT INTO vehicle_logs (plate_number, camera_id, location_id, log_type, timestamp, raw_confidence, created_at) VALUES (?, ?, ?, ?, ?, ?, ?)]
[parameters: ('UK07TA6875', 'CAM-GK-STRESS-003', 1, 'ENTRY', '2026-06-01 16:23:57.894982', 0.92, '2026-06-01 16:24:01.721475')]
(Background on this error at: https://sqlalche.me/e/20/gkpj)
[2026-06-01 21:54:01] [ERROR] [spems.db] - Database session exception: (sqlite3.IntegrityError) NOT NULL constraint failed: vehicle_logs.id
[SQL: INSERT INTO vehicle_logs (plate_number, camera_id, location_id, log_type, timestamp, raw_confidence, created_at) VALUES (?, ?, ?, ?, ?, ?, ?)]
[parameters: ('UK07TA9333', 'CAM-GK-STRESS-033', 1, 'ENTRY', '2026-06-01 16:23:57.966530', 0.9, '2026-06-01 16:24:01.762322')]
(Background on this error at: https://sqlalche.me/e/20/gkpj)
[2026-06-01 21:54:01] [ERROR] [spems.db] - Database session exception: (sqlite3.IntegrityError) NOT NULL constraint failed: vehicle_logs.id
[SQL: INSERT INTO vehicle_logs (plate_number, camera_id, location_id, log_type, timestamp, raw_confidence, created_at) VALUES (?, ?, ?, ?, ?, ?, ?)]
[parameters: ('UK07TA5979', 'CAM-GK-STRESS-030', 1, 'ENTRY', '2026-06-01 16:23:57.961702', 0.77, '2026-06-01 16:24:01.776317')]
(Background on this error at: https://sqlalche.me/e/20/gkpj)
[2026-06-01 21:54:01] [ERROR] [spems.db] - Database session exception: (sqlite3.IntegrityError) NOT NULL constraint failed: vehicle_logs.id
[SQL: INSERT INTO vehicle_logs (plate_number, camera_id, location_id, log_type, timestamp, raw_confidence, created_at) VALUES (?, ?, ?, ?, ?, ?, ?)]
[parameters: ('UK07TA1398', 'CAM-GK-STRESS-034', 1, 'ENTRY', '2026-06-01 16:23:57.967507', 0.76, '2026-06-01 16:24:01.819632')]
(Background on this error at: https://sqlalche.me/e/20/gkpj)
[2026-06-01 21:54:01] [ERROR] [spems.db] - Database session exception: (sqlite3.IntegrityError) NOT NULL constraint failed: vehicle_logs.id
[SQL: INSERT INTO vehicle_logs (plate_number, camera_id, location_id, log_type, timestamp, raw_confidence, created_at) VALUES (?, ?, ?, ?, ?, ?, ?)]
[parameters: ('UK07TA1831', 'CAM-GK-STRESS-015', 1, 'ENTRY', '2026-06-01 16:23:57.925980', 0.82, '2026-06-01 16:24:01.883978')]
(Background on this error at: https://sqlalche.me/e/20/gkpj)
[2026-06-01 21:54:01] [ERROR] [spems.db] - Database session exception: (sqlite3.IntegrityError) NOT NULL constraint failed: vehicle_logs.id
[SQL: INSERT INTO vehicle_logs (plate_number, camera_id, location_id, log_type, timestamp, raw_confidence, created_at) VALUES (?, ?, ?, ?, ?, ?, ?)]
[parameters: ('UK07TA8836', 'CAM-GK-STRESS-029', 1, 'ENTRY', '2026-06-01 16:23:57.960279', 0.9, '2026-06-01 16:24:01.893854')]
(Background on this error at: https://sqlalche.me/e/20/gkpj)
[2026-06-01 21:54:01] [ERROR] [spems.db] - Database session exception: (sqlite3.IntegrityError) NOT NULL constraint failed: vehicle_logs.id
[SQL: INSERT INTO vehicle_logs (plate_number, camera_id, location_id, log_type, timestamp, raw_confidence, created_at) VALUES (?, ?, ?, ?, ?, ?, ?)]
[parameters: ('UK07TA1965', 'CAM-GK-STRESS-025', 1, 'ENTRY', '2026-06-01 16:23:57.954533', 0.99, '2026-06-01 16:24:01.981875')]
(Background on this error at: https://sqlalche.me/e/20/gkpj)
[2026-06-01 21:54:02] [ERROR] [spems.db] - Database session exception: (sqlite3.IntegrityError) NOT NULL constraint failed: vehicle_logs.id
[SQL: INSERT INTO vehicle_logs (plate_number, camera_id, location_id, log_type, timestamp, raw_confidence, created_at) VALUES (?, ?, ?, ?, ?, ?, ?)]
[parameters: ('UK07TA3546', 'CAM-GK-STRESS-026', 1, 'ENTRY', '2026-06-01 16:23:57.955585', 0.9, '2026-06-01 16:24:02.020575')]
(Background on this error at: https://sqlalche.me/e/20/gkpj)
[2026-06-01 21:54:02] [ERROR] [spems.db] - Database session exception: (sqlite3.IntegrityError) NOT NULL constraint failed: vehicle_logs.id
[SQL: INSERT INTO vehicle_logs (plate_number, camera_id, location_id, log_type, timestamp, raw_confidence, created_at) VALUES (?, ?, ?, ?, ?, ?, ?)]
[parameters: ('UK07TA8286', 'CAM-GK-STRESS-041', 1, 'ENTRY', '2026-06-01 16:23:57.979260', 0.76, '2026-06-01 16:24:02.052380')]
(Background on this error at: https://sqlalche.me/e/20/gkpj)
[2026-06-01 21:54:02] [ERROR] [spems.db] - Database session exception: (sqlite3.IntegrityError) NOT NULL constraint failed: vehicle_logs.id
[SQL: INSERT INTO vehicle_logs (plate_number, camera_id, location_id, log_type, timestamp, raw_confidence, created_at) VALUES (?, ?, ?, ?, ?, ?, ?)]
[parameters: ('UK07TA4116', 'CAM-GK-STRESS-005', 1, 'ENTRY', '2026-06-01 16:23:57.895769', 0.83, '2026-06-01 16:24:02.093501')]
(Background on this error at: https://sqlalche.me/e/20/gkpj)
[2026-06-01 21:54:02] [ERROR] [spems.db] - Database session exception: (sqlite3.IntegrityError) NOT NULL constraint failed: vehicle_logs.id
[SQL: INSERT INTO vehicle_logs (plate_number, camera_id, location_id, log_type, timestamp, raw_confidence, created_at) VALUES (?, ?, ?, ?, ?, ?, ?)]
[parameters: ('UK07TA8517', 'CAM-GK-STRESS-040', 1, 'ENTRY', '2026-06-01 16:23:57.978102', 0.87, '2026-06-01 16:24:02.131654')]
(Background on this error at: https://sqlalche.me/e/20/gkpj)
[2026-06-01 21:54:02] [ERROR] [spems.db] - Database session exception: (sqlite3.IntegrityError) NOT NULL constraint failed: vehicle_logs.id
[SQL: INSERT INTO vehicle_logs (plate_number, camera_id, location_id, log_type, timestamp, raw_confidence, created_at) VALUES (?, ?, ?, ?, ?, ?, ?)]
[parameters: ('UK07TA9436', 'CAM-GK-STRESS-037', 1, 'ENTRY', '2026-06-01 16:23:57.974732', 0.98, '2026-06-01 16:24:02.159751')]
(Background on this error at: https://sqlalche.me/e/20/gkpj)
[2026-06-01 21:54:02] [ERROR] [spems.db] - Database session exception: (sqlite3.IntegrityError) NOT NULL constraint failed: vehicle_logs.id
[SQL: INSERT INTO vehicle_logs (plate_number, camera_id, location_id, log_type, timestamp, raw_confidence, created_at) VALUES (?, ?, ?, ?, ?, ?, ?)]
[parameters: ('UK07TA4402', 'CAM-GK-STRESS-038', 1, 'ENTRY', '2026-06-01 16:23:57.975641', 0.9, '2026-06-01 16:24:02.194932')]
(Background on this error at: https://sqlalche.me/e/20/gkpj)
[2026-06-01 21:54:02] [ERROR] [spems.db] - Database session exception: (sqlite3.IntegrityError) NOT NULL constraint failed: vehicle_logs.id
[SQL: INSERT INTO vehicle_logs (plate_number, camera_id, location_id, log_type, timestamp, raw_confidence, created_at) VALUES (?, ?, ?, ?, ?, ?, ?)]
[parameters: ('UK07TA9564', 'CAM-GK-STRESS-043', 1, 'ENTRY', '2026-06-01 16:23:57.982528', 0.77, '2026-06-01 16:24:02.227682')]
(Background on this error at: https://sqlalche.me/e/20/gkpj)
[2026-06-01 21:54:02] [ERROR] [spems.db] - Database session exception: (sqlite3.IntegrityError) NOT NULL constraint failed: vehicle_logs.id
[SQL: INSERT INTO vehicle_logs (plate_number, camera_id, location_id, log_type, timestamp, raw_confidence, created_at) VALUES (?, ?, ?, ?, ?, ?, ?)]
[parameters: ('UK07TA3607', 'CAM-GK-STRESS-014', 1, 'ENTRY', '2026-06-01 16:23:57.911343', 0.77, '2026-06-01 16:24:02.280548')]
(Background on this error at: https://sqlalche.me/e/20/gkpj)
[2026-06-01 21:54:02] [ERROR] [spems.db] - Database session exception: (sqlite3.IntegrityError) NOT NULL constraint failed: vehicle_logs.id
[SQL: INSERT INTO vehicle_logs (plate_number, camera_id, location_id, log_type, timestamp, raw_confidence, created_at) VALUES (?, ?, ?, ?, ?, ?, ?)]
[parameters: ('UK07TA9490', 'CAM-GK-STRESS-042', 1, 'ENTRY', '2026-06-01 16:23:57.981156', 0.9, '2026-06-01 16:24:02.312190')]
(Background on this error at: https://sqlalche.me/e/20/gkpj)
[2026-06-01 21:54:02] [ERROR] [spems.db] - Database session exception: (sqlite3.IntegrityError) NOT NULL constraint failed: vehicle_logs.id
[SQL: INSERT INTO vehicle_logs (plate_number, camera_id, location_id, log_type, timestamp, raw_confidence, created_at) VALUES (?, ?, ?, ?, ?, ?, ?)]
[parameters: ('UK07TA9212', 'CAM-GK-STRESS-039', 1, 'ENTRY', '2026-06-01 16:23:57.976915', 0.92, '2026-06-01 16:24:02.332222')]
(Background on this error at: https://sqlalche.me/e/20/gkpj)
[2026-06-01 21:54:02] [ERROR] [spems.db] - Database session exception: (sqlite3.IntegrityError) NOT NULL constraint failed: vehicle_logs.id
[SQL: INSERT INTO vehicle_logs (plate_number, camera_id, location_id, log_type, timestamp, raw_confidence, created_at) VALUES (?, ?, ?, ?, ?, ?, ?)]
[parameters: ('UK07TA5782', 'CAM-GK-STRESS-048', 1, 'ENTRY', '2026-06-01 16:23:57.991317', 0.92, '2026-06-01 16:24:02.409577')]
(Background on this error at: https://sqlalche.me/e/20/gkpj)
[2026-06-01 21:54:02] [ERROR] [spems.db] - Database session exception: (sqlite3.IntegrityError) NOT NULL constraint failed: vehicle_logs.id
[SQL: INSERT INTO vehicle_logs (plate_number, camera_id, location_id, log_type, timestamp, raw_confidence, created_at) VALUES (?, ?, ?, ?, ?, ?, ?)]
[parameters: ('UK07TA5856', 'CAM-GK-STRESS-046', 1, 'ENTRY', '2026-06-01 16:23:57.986061', 0.76, '2026-06-01 16:24:02.444584')]
(Background on this error at: https://sqlalche.me/e/20/gkpj)
[2026-06-01 21:54:02] [ERROR] [spems.db] - Database session exception: (sqlite3.IntegrityError) NOT NULL constraint failed: vehicle_logs.id
[SQL: INSERT INTO vehicle_logs (plate_number, camera_id, location_id, log_type, timestamp, raw_confidence, created_at) VALUES (?, ?, ?, ?, ?, ?, ?)]
[parameters: ('UK07TA5364', 'CAM-GK-STRESS-047', 1, 'ENTRY', '2026-06-01 16:23:57.989283', 0.91, '2026-06-01 16:24:02.482586')]
(Background on this error at: https://sqlalche.me/e/20/gkpj)
[2026-06-01 21:54:02] [ERROR] [spems.db] - Database session exception: (sqlite3.IntegrityError) NOT NULL constraint failed: vehicle_logs.id
[SQL: INSERT INTO vehicle_logs (plate_number, camera_id, location_id, log_type, timestamp, raw_confidence, created_at) VALUES (?, ?, ?, ?, ?, ?, ?)]
[parameters: ('UK07TA5136', 'CAM-GK-STRESS-045', 1, 'ENTRY', '2026-06-01 16:23:57.985063', 0.92, '2026-06-01 16:24:02.509253')]
(Background on this error at: https://sqlalche.me/e/20/gkpj)
[2026-06-01 21:54:02] [ERROR] [spems.db] - Database session exception: (sqlite3.IntegrityError) NOT NULL constraint failed: vehicle_logs.id
[SQL: INSERT INTO vehicle_logs (plate_number, camera_id, location_id, log_type, timestamp, raw_confidence, created_at) VALUES (?, ?, ?, ?, ?, ?, ?)]
[parameters: ('UK07TA3646', 'CAM-GK-STRESS-008', 1, 'ENTRY', '2026-06-01 16:23:57.897158', 0.77, '2026-06-01 16:24:02.538659')]
(Background on this error at: https://sqlalche.me/e/20/gkpj)
[2026-06-01 21:54:02] [ERROR] [spems.db] - Database session exception: (sqlite3.IntegrityError) NOT NULL constraint failed: vehicle_logs.id
[SQL: INSERT INTO vehicle_logs (plate_number, camera_id, location_id, log_type, timestamp, raw_confidence, created_at) VALUES (?, ?, ?, ?, ?, ?, ?)]
[parameters: ('UK07TA8527', 'CAM-GK-STRESS-016', 1, 'ENTRY', '2026-06-01 16:23:57.928524', 0.94, '2026-06-01 16:24:02.566853')]
(Background on this error at: https://sqlalche.me/e/20/gkpj)
[2026-06-01 21:54:02] [ERROR] [spems.db] - Database session exception: (sqlite3.IntegrityError) NOT NULL constraint failed: vehicle_logs.id
[SQL: INSERT INTO vehicle_logs (plate_number, camera_id, location_id, log_type, timestamp, raw_confidence, created_at) VALUES (?, ?, ?, ?, ?, ?, ?)]
[parameters: ('UK07TA9234', 'CAM-GK-STRESS-049', 1, 'ENTRY', '2026-06-01 16:23:57.992585', 0.94, '2026-06-01 16:24:02.595530')]
(Background on this error at: https://sqlalche.me/e/20/gkpj)
[2026-06-01 21:54:02] [ERROR] [spems.db] - Database session exception: (sqlite3.IntegrityError) NOT NULL constraint failed: vehicle_logs.id
[SQL: INSERT INTO vehicle_logs (plate_number, camera_id, location_id, log_type, timestamp, raw_confidence, created_at) VALUES (?, ?, ?, ?, ?, ?, ?)]
[parameters: ('UK07TA7071', 'CAM-GK-STRESS-023', 1, 'ENTRY', '2026-06-01 16:23:57.950271', 0.96, '2026-06-01 16:24:02.633492')]
(Background on this error at: https://sqlalche.me/e/20/gkpj)
[2026-06-01 21:54:02] [ERROR] [spems.db] - Database session exception: (sqlite3.IntegrityError) NOT NULL constraint failed: vehicle_logs.id
[SQL: INSERT INTO vehicle_logs (plate_number, camera_id, location_id, log_type, timestamp, raw_confidence, created_at) VALUES (?, ?, ?, ?, ?, ?, ?)]
[parameters: ('UK07TA4109', 'CAM-GK-STRESS-027', 1, 'ENTRY', '2026-06-01 16:23:57.956776', 0.97, '2026-06-01 16:24:02.667102')]
(Background on this error at: https://sqlalche.me/e/20/gkpj)
[2026-06-01 21:54:02] [ERROR] [spems.db] - Database session exception: (sqlite3.IntegrityError) NOT NULL constraint failed: vehicle_logs.id
[SQL: INSERT INTO vehicle_logs (plate_number, camera_id, location_id, log_type, timestamp, raw_confidence, created_at) VALUES (?, ?, ?, ?, ?, ?, ?)]
[parameters: ('UK07TA6362', 'CAM-GK-STRESS-036', 1, 'ENTRY', '2026-06-01 16:23:57.973807', 0.96, '2026-06-01 16:24:02.674112')]
(Background on this error at: https://sqlalche.me/e/20/gkpj)
[2026-06-01 21:54:02] [ERROR] [spems.db] - Database session exception: (sqlite3.IntegrityError) NOT NULL constraint failed: vehicle_logs.id
[SQL: INSERT INTO vehicle_logs (plate_number, camera_id, location_id, log_type, timestamp, raw_confidence, created_at) VALUES (?, ?, ?, ?, ?, ?, ?)]
[parameters: ('UK07TA8384', 'CAM-GK-STRESS-001', 1, 'ENTRY', '2026-06-01 16:23:57.895427', 0.78, '2026-06-01 16:24:02.734147')]
(Background on this error at: https://sqlalche.me/e/20/gkpj)
[2026-06-01 21:54:02] [ERROR] [spems.db] - Database session exception: (sqlite3.IntegrityError) NOT NULL constraint failed: vehicle_logs.id
[SQL: INSERT INTO vehicle_logs (plate_number, camera_id, location_id, log_type, timestamp, raw_confidence, created_at) VALUES (?, ?, ?, ?, ?, ?, ?)]
[parameters: ('UK07TA2282', 'CAM-GK-STRESS-012', 1, 'ENTRY', '2026-06-01 16:23:57.901083', 0.8, '2026-06-01 16:24:02.767064')]
(Background on this error at: https://sqlalche.me/e/20/gkpj)
[2026-06-01 21:54:02] [ERROR] [spems.db] - Database session exception: (sqlite3.IntegrityError) NOT NULL constraint failed: vehicle_logs.id
[SQL: INSERT INTO vehicle_logs (plate_number, camera_id, location_id, log_type, timestamp, raw_confidence, created_at) VALUES (?, ?, ?, ?, ?, ?, ?)]
[parameters: ('UK07TA8084', 'CAM-GK-STRESS-009', 1, 'ENTRY', '2026-06-01 16:23:57.897682', 0.96, '2026-06-01 16:24:02.812227')]
(Background on this error at: https://sqlalche.me/e/20/gkpj)
[2026-06-01 21:54:02] [ERROR] [spems.db] - Database session exception: (sqlite3.IntegrityError) NOT NULL constraint failed: vehicle_logs.id
[SQL: INSERT INTO vehicle_logs (plate_number, camera_id, location_id, log_type, timestamp, raw_confidence, created_at) VALUES (?, ?, ?, ?, ?, ?, ?)]
[parameters: ('UK07TA9638', 'CAM-GK-STRESS-000', 1, 'ENTRY', '2026-06-01 16:23:57.893563', 0.85, '2026-06-01 16:24:02.844819')]
(Background on this error at: https://sqlalche.me/e/20/gkpj)
[2026-06-01 21:54:02] [ERROR] [spems.db] - Database session exception: (sqlite3.IntegrityError) NOT NULL constraint failed: vehicle_logs.id
[SQL: INSERT INTO vehicle_logs (plate_number, camera_id, location_id, log_type, timestamp, raw_confidence, created_at) VALUES (?, ?, ?, ?, ?, ?, ?)]
[parameters: ('UK07TA7665', 'CAM-GK-STRESS-011', 1, 'ENTRY', '2026-06-01 16:23:57.898763', 0.92, '2026-06-01 16:24:02.955065')]
(Background on this error at: https://sqlalche.me/e/20/gkpj)
[2026-06-01 21:54:03] [ERROR] [spems.db] - Database session exception: (sqlite3.IntegrityError) NOT NULL constraint failed: vehicle_logs.id
[SQL: INSERT INTO vehicle_logs (plate_number, camera_id, location_id, log_type, timestamp, raw_confidence, created_at) VALUES (?, ?, ?, ?, ?, ?, ?)]
[parameters: ('UK07TA6147', 'CAM-GK-STRESS-010', 1, 'ENTRY', '2026-06-01 16:23:57.898066', 0.99, '2026-06-01 16:24:03.063425')]
(Background on this error at: https://sqlalche.me/e/20/gkpj)
[2026-06-01 21:54:03] [ERROR] [spems.db] - Database session exception: (sqlite3.IntegrityError) NOT NULL constraint failed: vehicle_logs.id
[SQL: INSERT INTO vehicle_logs (plate_number, camera_id, location_id, log_type, timestamp, raw_confidence, created_at) VALUES (?, ?, ?, ?, ?, ?, ?)]
[parameters: ('UK07TA7079', 'CAM-GK-STRESS-007', 1, 'ENTRY', '2026-06-01 16:23:57.896540', 0.99, '2026-06-01 16:24:03.169259')]
(Background on this error at: https://sqlalche.me/e/20/gkpj)
[2026-06-01 21:54:46] [INFO] [root] - SPEMS System Logging successfully initialized.
[2026-06-01 21:54:46] [INFO] [root] - SPEMS System Logging successfully initialized.
[2026-06-01 21:55:12] [INFO] [root] - SPEMS System Logging successfully initialized.
[2026-06-01 21:55:12] [INFO] [root] - SPEMS System Logging successfully initialized.
[2026-06-01 21:55:22] [INFO] [root] - SPEMS System Logging successfully initialized.
[2026-06-01 21:55:22] [INFO] [root] - SPEMS System Logging successfully initialized.
[2026-06-01 21:56:59] [ERROR] [spems.db] - Database session exception: 400: Camera ID already registered.
[2026-06-01 22:06:00] [ERROR] [spems.db] - Database session exception: 400: Camera ID already registered.
[2026-06-01 22:06:03] [ERROR] [spems.db] - Database session exception: 400: Vehicle plate number already registered.
[2026-06-01 22:14:09] [ERROR] [spems.db] - Database session exception: 400: Camera ID already registered.
[2026-06-01 22:14:11] [ERROR] [spems.db] - Database session exception: 400: Vehicle plate number already registered.
[2026-06-01 22:16:26] [ERROR] [spems.db] - Database session exception: 1 validation error:
  {'type': 'datetime_from_date_parsing', 'loc': ('body', 'timestamp'), 'msg': 'Input should be a valid datetime or date, unexpected extra characters at the end of the input', 'input': '2026-06-01T16:46:26.702977+00:00Z', 'ctx': {'error': 'unexpected extra characters at the end of the input'}}

  File "C:\Users\rahul\Desktop\VSCode_Projects\Smart Pilgrimage Environmental Monitoring System\backend\app\main.py", line 128, in create_vehicle_transit_log
    POST /api/v1/logs/vehicle
[2026-06-01 22:16:30] [ERROR] [spems.db] - Database session exception: 1 validation error:
  {'type': 'datetime_from_date_parsing', 'loc': ('body', 'timestamp'), 'msg': 'Input should be a valid datetime or date, unexpected extra characters at the end of the input', 'input': '2026-06-01T16:46:30.130260+00:00Z', 'ctx': {'error': 'unexpected extra characters at the end of the input'}}

  File "C:\Users\rahul\Desktop\VSCode_Projects\Smart Pilgrimage Environmental Monitoring System\backend\app\main.py", line 128, in create_vehicle_transit_log
    POST /api/v1/logs/vehicle
